2013-04-06 00:53:04 [CLIENT] [INFO] Setting user: Player250
2013-04-06 00:53:04 [CLIENT] [INFO] LWJGL Version: 2.4.2
2013-04-06 00:56:10 [CLIENT] [INFO] Setting user: Player154
2013-04-06 00:56:10 [CLIENT] [INFO] LWJGL Version: 2.4.2
2013-04-06 00:56:18 [CLIENT] [INFO] Found animation info for: textures/blocks/lava_flow.txt
2013-04-06 00:56:18 [CLIENT] [INFO] Found animation info for: textures/blocks/water_flow.txt
2013-04-06 00:56:18 [CLIENT] [INFO] Found animation info for: textures/blocks/fire_0.txt
2013-04-06 00:56:18 [CLIENT] [INFO] Found animation info for: textures/blocks/fire_1.txt
2013-04-06 00:56:18 [CLIENT] [INFO] Found animation info for: textures/blocks/lava.txt
2013-04-06 00:56:18 [CLIENT] [INFO] Found animation info for: textures/blocks/portal.txt
2013-04-06 00:56:18 [CLIENT] [INFO] Found animation info for: textures/blocks/water.txt
2013-04-06 00:56:19 [CLIENT] [INFO] Found animation info for: textures/items/clock.txt
2013-04-06 00:56:19 [CLIENT] [INFO] Found animation info for: textures/items/compass.txt
2013-04-06 00:56:21 [CLIENT] [INFO] Found animation info for: textures/blocks/lava_flow.txt
2013-04-06 00:56:21 [CLIENT] [INFO] Found animation info for: textures/blocks/water_flow.txt
2013-04-06 00:56:21 [CLIENT] [INFO] Found animation info for: textures/blocks/fire_0.txt
2013-04-06 00:56:21 [CLIENT] [INFO] Found animation info for: textures/blocks/fire_1.txt
2013-04-06 00:56:21 [CLIENT] [INFO] Found animation info for: textures/blocks/lava.txt
2013-04-06 00:56:21 [CLIENT] [INFO] Found animation info for: textures/blocks/portal.txt
2013-04-06 00:56:21 [CLIENT] [INFO] Found animation info for: textures/blocks/water.txt
2013-04-06 00:56:22 [CLIENT] [INFO] Found animation info for: textures/items/clock.txt
2013-04-06 00:56:22 [CLIENT] [INFO] Found animation info for: textures/items/compass.txt
2013-04-06 00:56:45 [CLIENT] [INFO] Stopping!
2013-04-06 01:48:54 [CLIENT] [INFO] Setting user: Player487
2013-04-06 01:48:54 [CLIENT] [INFO] LWJGL Version: 2.4.2
2013-04-06 01:49:00 [CLIENT] [WARNING] TextureManager.createTexture called for file mods/EndlessMinecraft/textures/blocks/transparent.png, but that file does not exist. Ignoring.
2013-04-06 01:49:00 [CLIENT] [INFO] Found animation info for: textures/blocks/lava_flow.txt
2013-04-06 01:49:00 [CLIENT] [INFO] Found animation info for: textures/blocks/water_flow.txt
2013-04-06 01:49:00 [CLIENT] [INFO] Found animation info for: textures/blocks/fire_0.txt
2013-04-06 01:49:00 [CLIENT] [INFO] Found animation info for: textures/blocks/fire_1.txt
2013-04-06 01:49:00 [CLIENT] [INFO] Found animation info for: textures/blocks/lava.txt
2013-04-06 01:49:00 [CLIENT] [INFO] Found animation info for: textures/blocks/portal.txt
2013-04-06 01:49:00 [CLIENT] [INFO] Found animation info for: textures/blocks/water.txt
2013-04-06 01:49:01 [CLIENT] [INFO] Found animation info for: textures/items/clock.txt
2013-04-06 01:49:01 [CLIENT] [INFO] Found animation info for: textures/items/compass.txt
2013-04-06 01:49:03 [CLIENT] [WARNING] TextureManager.createTexture called for file mods/EndlessMinecraft/textures/blocks/transparent.png, but that file does not exist. Ignoring.
2013-04-06 01:49:03 [CLIENT] [INFO] Found animation info for: textures/blocks/lava_flow.txt
2013-04-06 01:49:03 [CLIENT] [INFO] Found animation info for: textures/blocks/water_flow.txt
2013-04-06 01:49:03 [CLIENT] [INFO] Found animation info for: textures/blocks/fire_0.txt
2013-04-06 01:49:03 [CLIENT] [INFO] Found animation info for: textures/blocks/fire_1.txt
2013-04-06 01:49:03 [CLIENT] [INFO] Found animation info for: textures/blocks/lava.txt
2013-04-06 01:49:03 [CLIENT] [INFO] Found animation info for: textures/blocks/portal.txt
2013-04-06 01:49:03 [CLIENT] [INFO] Found animation info for: textures/blocks/water.txt
2013-04-06 01:49:04 [CLIENT] [INFO] Found animation info for: textures/items/clock.txt
2013-04-06 01:49:04 [CLIENT] [INFO] Found animation info for: textures/items/compass.txt
2013-04-06 01:49:44 [CLIENT] [WARNING] Memory connection overburdened; after processing 2500 packets, we still have 138 to go!
2013-04-06 01:49:53 [CLIENT] [WARNING] Memory connection overburdened; after processing 2500 packets, we still have 2128 to go!
2013-04-06 01:49:53 [CLIENT] [WARNING] Memory connection overburdened; after processing 2500 packets, we still have 442 to go!
2013-04-06 01:49:53 [CLIENT] [WARNING] Memory connection overburdened; after processing 2500 packets, we still have 2194 to go!
2013-04-06 01:49:54 [CLIENT] [WARNING] Memory connection overburdened; after processing 2500 packets, we still have 1015 to go!
2013-04-06 01:49:54 [CLIENT] [WARNING] Memory connection overburdened; after processing 2500 packets, we still have 146 to go!
2013-04-06 01:50:25 [CLIENT] [INFO] Stopping!
2013-04-06 01:57:00 [CLIENT] [INFO] Setting user: Player326
2013-04-06 01:57:00 [CLIENT] [INFO] LWJGL Version: 2.4.2
2013-04-06 01:57:06 [CLIENT] [WARNING] TextureManager.createTexture called for file mods/endlessminecraft/textures/blocks/xray.png, but that file does not exist. Ignoring.
2013-04-06 01:57:06 [CLIENT] [INFO] Found animation info for: textures/blocks/lava_flow.txt
2013-04-06 01:57:06 [CLIENT] [INFO] Found animation info for: textures/blocks/water_flow.txt
2013-04-06 01:57:06 [CLIENT] [INFO] Found animation info for: textures/blocks/fire_0.txt
2013-04-06 01:57:06 [CLIENT] [INFO] Found animation info for: textures/blocks/fire_1.txt
2013-04-06 01:57:06 [CLIENT] [INFO] Found animation info for: textures/blocks/lava.txt
2013-04-06 01:57:06 [CLIENT] [INFO] Found animation info for: textures/blocks/portal.txt
2013-04-06 01:57:06 [CLIENT] [INFO] Found animation info for: textures/blocks/water.txt
2013-04-06 01:57:07 [CLIENT] [INFO] Found animation info for: textures/items/clock.txt
2013-04-06 01:57:07 [CLIENT] [INFO] Found animation info for: textures/items/compass.txt
2013-04-06 01:57:09 [CLIENT] [WARNING] TextureManager.createTexture called for file mods/endlessminecraft/textures/blocks/xray.png, but that file does not exist. Ignoring.
2013-04-06 01:57:09 [CLIENT] [INFO] Found animation info for: textures/blocks/lava_flow.txt
2013-04-06 01:57:09 [CLIENT] [INFO] Found animation info for: textures/blocks/water_flow.txt
2013-04-06 01:57:09 [CLIENT] [INFO] Found animation info for: textures/blocks/fire_0.txt
2013-04-06 01:57:09 [CLIENT] [INFO] Found animation info for: textures/blocks/fire_1.txt
2013-04-06 01:57:09 [CLIENT] [INFO] Found animation info for: textures/blocks/lava.txt
2013-04-06 01:57:09 [CLIENT] [INFO] Found animation info for: textures/blocks/portal.txt
2013-04-06 01:57:09 [CLIENT] [INFO] Found animation info for: textures/blocks/water.txt
2013-04-06 01:57:10 [CLIENT] [INFO] Found animation info for: textures/items/clock.txt
2013-04-06 01:57:10 [CLIENT] [INFO] Found animation info for: textures/items/compass.txt
2013-04-06 01:57:36 [CLIENT] [INFO] Stopping!
2013-04-06 02:00:16 [CLIENT] [INFO] Setting user: Player266
2013-04-06 02:00:16 [CLIENT] [INFO] LWJGL Version: 2.4.2
2013-04-06 02:00:22 [CLIENT] [WARNING] TextureManager.createTexture called for file mods/EndlessMinecraft/textures/blocks/xray.png, but that file does not exist. Ignoring.
2013-04-06 02:00:23 [CLIENT] [INFO] Found animation info for: textures/blocks/lava_flow.txt
2013-04-06 02:00:23 [CLIENT] [INFO] Found animation info for: textures/blocks/water_flow.txt
2013-04-06 02:00:23 [CLIENT] [INFO] Found animation info for: textures/blocks/fire_0.txt
2013-04-06 02:00:23 [CLIENT] [INFO] Found animation info for: textures/blocks/fire_1.txt
2013-04-06 02:00:23 [CLIENT] [INFO] Found animation info for: textures/blocks/lava.txt
2013-04-06 02:00:23 [CLIENT] [INFO] Found animation info for: textures/blocks/portal.txt
2013-04-06 02:00:23 [CLIENT] [INFO] Found animation info for: textures/blocks/water.txt
2013-04-06 02:00:24 [CLIENT] [INFO] Found animation info for: textures/items/clock.txt
2013-04-06 02:00:24 [CLIENT] [INFO] Found animation info for: textures/items/compass.txt
2013-04-06 02:00:25 [CLIENT] [WARNING] TextureManager.createTexture called for file mods/EndlessMinecraft/textures/blocks/xray.png, but that file does not exist. Ignoring.
2013-04-06 02:00:26 [CLIENT] [INFO] Found animation info for: textures/blocks/lava_flow.txt
2013-04-06 02:00:26 [CLIENT] [INFO] Found animation info for: textures/blocks/water_flow.txt
2013-04-06 02:00:26 [CLIENT] [INFO] Found animation info for: textures/blocks/fire_0.txt
2013-04-06 02:00:26 [CLIENT] [INFO] Found animation info for: textures/blocks/fire_1.txt
2013-04-06 02:00:26 [CLIENT] [INFO] Found animation info for: textures/blocks/lava.txt
2013-04-06 02:00:26 [CLIENT] [INFO] Found animation info for: textures/blocks/portal.txt
2013-04-06 02:00:26 [CLIENT] [INFO] Found animation info for: textures/blocks/water.txt
2013-04-06 02:00:27 [CLIENT] [INFO] Found animation info for: textures/items/clock.txt
2013-04-06 02:00:27 [CLIENT] [INFO] Found animation info for: textures/items/compass.txt
2013-04-06 02:02:16 [CLIENT] [INFO] Stopping!
