2013-04-06 01:49:18 [SERVER] [INFO] Starting integrated minecraft server version 1.5.1
2013-04-06 01:49:18 [SERVER] [INFO] Generating keypair
2013-04-06 01:49:18 [SERVER] [INFO] Converting map!
2013-04-06 01:49:18 [SERVER] [INFO] Scanning folders...
2013-04-06 01:49:18 [SERVER] [INFO] Total conversion count is 0
2013-04-06 01:49:19 [SERVER] [INFO] Preparing start region for level 0
2013-04-06 01:49:20 [SERVER] [INFO] Preparing spawn area: 5%
2013-04-06 01:49:21 [SERVER] [INFO] Preparing spawn area: 10%
2013-04-06 01:49:22 [SERVER] [INFO] Preparing spawn area: 15%
2013-04-06 01:49:23 [SERVER] [INFO] Preparing spawn area: 20%
2013-04-06 01:49:24 [SERVER] [INFO] Preparing spawn area: 25%
2013-04-06 01:49:25 [SERVER] [INFO] Preparing spawn area: 30%
2013-04-06 01:49:26 [SERVER] [INFO] Preparing spawn area: 35%
2013-04-06 01:49:27 [SERVER] [INFO] Preparing spawn area: 41%
2013-04-06 01:49:28 [SERVER] [INFO] Preparing spawn area: 47%
2013-04-06 01:49:29 [SERVER] [INFO] Preparing spawn area: 52%
2013-04-06 01:49:30 [SERVER] [INFO] Preparing spawn area: 57%
2013-04-06 01:49:31 [SERVER] [INFO] Preparing spawn area: 62%
2013-04-06 01:49:32 [SERVER] [INFO] Preparing spawn area: 67%
2013-04-06 01:49:33 [SERVER] [INFO] Preparing spawn area: 72%
2013-04-06 01:49:34 [SERVER] [INFO] Preparing spawn area: 77%
2013-04-06 01:49:35 [SERVER] [INFO] Preparing spawn area: 82%
2013-04-06 01:49:36 [SERVER] [INFO] Preparing spawn area: 87%
2013-04-06 01:49:37 [SERVER] [INFO] Preparing spawn area: 92%
2013-04-06 01:49:38 [SERVER] [INFO] Preparing spawn area: 97%
2013-04-06 01:49:39 [SERVER] [INFO] Player487[/127.0.0.1:0] logged in with entity id 291 at (-199.5, 70.0, 248.5)
2013-04-06 01:50:19 [SERVER] [INFO] Saving and pausing game...
2013-04-06 01:50:19 [SERVER] [INFO] Saving chunks for level 'PLEASE WORK'/Overworld
2013-04-06 01:50:19 [SERVER] [INFO] Saving chunks for level 'PLEASE WORK'/Nether
2013-04-06 01:50:19 [SERVER] [INFO] Saving chunks for level 'PLEASE WORK'/The End
2013-04-06 01:50:20 [SERVER] [INFO] Stopping server
2013-04-06 01:50:20 [SERVER] [INFO] Saving players
2013-04-06 01:50:20 [SERVER] [INFO] Saving worlds
2013-04-06 01:50:20 [SERVER] [INFO] Saving chunks for level 'PLEASE WORK'/Overworld
2013-04-06 01:50:20 [SERVER] [INFO] Saving chunks for level 'PLEASE WORK'/Nether
2013-04-06 01:50:20 [SERVER] [INFO] Saving chunks for level 'PLEASE WORK'/The End
2013-04-06 01:57:15 [SERVER] [INFO] Starting integrated minecraft server version 1.5.1
2013-04-06 01:57:15 [SERVER] [INFO] Generating keypair
2013-04-06 01:57:16 [SERVER] [INFO] Preparing start region for level 0
2013-04-06 01:57:17 [SERVER] [INFO] Preparing spawn area: 48%
2013-04-06 01:57:18 [SERVER] [INFO] Player326[/127.0.0.1:0] logged in with entity id 569 at (-196.97132086035614, 72.0, 254.33733637876324)
2013-04-06 01:57:32 [SERVER] [INFO] Saving and pausing game...
2013-04-06 01:57:32 [SERVER] [INFO] Saving chunks for level 'PLEASE WORK'/Overworld
2013-04-06 01:57:32 [SERVER] [INFO] Saving chunks for level 'PLEASE WORK'/Nether
2013-04-06 01:57:32 [SERVER] [INFO] Saving chunks for level 'PLEASE WORK'/The End
2013-04-06 01:57:32 [SERVER] [INFO] Stopping server
2013-04-06 01:57:32 [SERVER] [INFO] Saving players
2013-04-06 01:57:32 [SERVER] [INFO] Saving worlds
2013-04-06 01:57:32 [SERVER] [INFO] Saving chunks for level 'PLEASE WORK'/Overworld
2013-04-06 01:57:32 [SERVER] [INFO] Saving chunks for level 'PLEASE WORK'/Nether
2013-04-06 01:57:32 [SERVER] [INFO] Saving chunks for level 'PLEASE WORK'/The End
2013-04-06 02:01:22 [SERVER] [INFO] Starting integrated minecraft server version 1.5.1
2013-04-06 02:01:22 [SERVER] [INFO] Generating keypair
2013-04-06 02:01:23 [SERVER] [INFO] Preparing start region for level 0
2013-04-06 02:01:24 [SERVER] [INFO] Preparing spawn area: 47%
2013-04-06 02:01:25 [SERVER] [INFO] Player266[/127.0.0.1:0] logged in with entity id 527 at (-196.97132086035614, 72.0, 254.33733637876324)
2013-04-06 02:02:11 [SERVER] [INFO] Saving and pausing game...
2013-04-06 02:02:11 [SERVER] [INFO] Saving chunks for level 'PLEASE WORK'/Overworld
2013-04-06 02:02:12 [SERVER] [INFO] Saving chunks for level 'PLEASE WORK'/Nether
2013-04-06 02:02:12 [SERVER] [INFO] Saving chunks for level 'PLEASE WORK'/The End
2013-04-06 02:02:12 [SERVER] [INFO] Stopping server
2013-04-06 02:02:12 [SERVER] [INFO] Saving players
2013-04-06 02:02:12 [SERVER] [INFO] Saving worlds
2013-04-06 02:02:12 [SERVER] [INFO] Saving chunks for level 'PLEASE WORK'/Overworld
2013-04-06 02:02:12 [SERVER] [INFO] Saving chunks for level 'PLEASE WORK'/Nether
2013-04-06 02:02:12 [SERVER] [INFO] Saving chunks for level 'PLEASE WORK'/The End
